Started GET "/" for 127.0.0.1 at 2023-07-18 15:20:08 +0500
Processing by Rails::WelcomeController#index as HTML
  Rendering /home/shahrukh/.asdf/installs/ruby/3.2.2/lib/ruby/gems/3.2.0/gems/railties-7.0.6/lib/rails/templates/rails/welcome/index.html.erb
  Rendered /home/shahrukh/.asdf/installs/ruby/3.2.2/lib/ruby/gems/3.2.0/gems/railties-7.0.6/lib/rails/templates/rails/welcome/index.html.erb (Duration: 3.6ms | Allocations: 633)
Completed 200 OK in 55ms (Views: 14.3ms | ActiveRecord: 0.0ms | Allocations: 7375)


  [1m[35m (25.0ms)[0m  [1m[35mCREATE TABLE "schema_migrations" ("version" varchar NOT NULL PRIMARY KEY)[0m
  [1m[35m (20.0ms)[0m  [1m[35mCREATE TABLE "ar_internal_metadata" ("key" varchar NOT NULL PRIMARY KEY, "value" varchar, "created_at" datetime(6) NOT NULL, "updated_at" datetime(6) NOT NULL)[0m
  [1m[36mActiveRecord::SchemaMigration Pluck (0.2ms)[0m  [1m[34mSELECT "schema_migrations"."version" FROM "schema_migrations" ORDER BY "schema_migrations"."version" ASC[0m
Migrating to CreateArticles (20230718102112)
  [1m[36mTRANSACTION (0.1ms)[0m  [1m[36mbegin transaction[0m
  [1m[35m (0.6ms)[0m  [1m[35mCREATE TABLE "articles" ("id" integer PRIMARY KEY AUTOINCREMENT NOT NULL, "title" varchar, "body" text, "created_at" datetime(6) NOT NULL, "updated_at" datetime(6) NOT NULL)[0m
  [1m[36mActiveRecord::SchemaMigration Create (0.3ms)[0m  [1m[32mINSERT INTO "schema_migrations" ("version") VALUES (?)[0m  [["version", "20230718102112"]]
  [1m[36mTRANSACTION (23.2ms)[0m  [1m[36mcommit transaction[0m
  [1m[36mActiveRecord::InternalMetadata Load (0.3ms)[0m  [1m[34mSELECT "ar_internal_metadata".* FROM "ar_internal_metadata" WHERE "ar_internal_metadata"."key" = ? LIMIT ?[0m  [["key", "environment"], ["LIMIT", 1]]
  [1m[36mTRANSACTION (0.1ms)[0m  [1m[36mbegin transaction[0m
  [1m[36mActiveRecord::InternalMetadata Create (0.4ms)[0m  [1m[32mINSERT INTO "ar_internal_metadata" ("key", "value", "created_at", "updated_at") VALUES (?, ?, ?, ?)[0m  [["key", "environment"], ["value", "development"], ["created_at", "2023-07-18 10:25:29.094069"], ["updated_at", "2023-07-18 10:25:29.094069"]]
  [1m[36mTRANSACTION (11.8ms)[0m  [1m[36mcommit transaction[0m
  [1m[36mActiveRecord::SchemaMigration Pluck (0.3ms)[0m  [1m[34mSELECT "schema_migrations"."version" FROM "schema_migrations" ORDER BY "schema_migrations"."version" ASC[0m
  [1m[36mTRANSACTION (0.1ms)[0m  [1m[36mbegin transaction[0m
  [1m[36mArticle Create (0.5ms)[0m  [1m[32mINSERT INTO "articles" ("title", "body", "created_at", "updated_at") VALUES (?, ?, ?, ?)[0m  [["title", "Awais First"], ["body", "First Blog Of Our Site"], ["created_at", "2023-07-18 10:27:17.978906"], ["updated_at", "2023-07-18 10:27:17.978906"]]
  [1m[36mTRANSACTION (9.3ms)[0m  [1m[36mcommit transaction[0m
Started GET "/articles" for ::1 at 2023-07-18 15:28:47 +0500
  [1m[36mActiveRecord::SchemaMigration Pluck (0.2ms)[0m  [1m[34mSELECT "schema_migrations"."version" FROM "schema_migrations" ORDER BY "schema_migrations"."version" ASC[0m
Processing by ArticlesController#index as HTML
  Rendering layout layouts/application.html.erb
  Rendering articles/index.html.erb within layouts/application
  Rendered articles/index.html.erb within layouts/application (Duration: 5.3ms | Allocations: 2141)
  Rendered layout layouts/application.html.erb (Duration: 5.7ms | Allocations: 2232)
Completed 500 Internal Server Error in 9ms (ActiveRecord: 0.0ms | Allocations: 3206)


  
ActionView::Template::Error (undefined method `each' for nil:NilClass):
    1: <h1>Hello World</h1>
    2: 
    3: <ul>
    4:   <% @articles.each do |article| %>
    5:     <li>
    6:       <%= article.title %>
    7:     </li>
  
app/views/articles/index.html.erb:4
Started GET "/articles" for ::1 at 2023-07-18 15:29:07 +0500
Processing by ArticlesController#index as HTML
  Rendering layout layouts/application.html.erb
  Rendering articles/index.html.erb within layouts/application
  [1m[36mArticle Load (0.1ms)[0m  [1m[34mSELECT "articles".* FROM "articles"[0m
  ↳ app/views/articles/index.html.erb:4
  Rendered articles/index.html.erb within layouts/application (Duration: 10.9ms | Allocations: 5047)
  Rendered layout layouts/application.html.erb (Duration: 340.6ms | Allocations: 95569)
Completed 200 OK in 344ms (Views: 341.9ms | ActiveRecord: 1.3ms | Allocations: 96719)


Started GET "/articles" for 127.0.0.1 at 2023-07-18 15:39:22 +0500
Processing by ArticlesController#index as HTML
Completed 500 Internal Server Error in 2ms (Allocations: 813)


  
SyntaxError (/home/shahrukh/Desktop/InTechGiants/Day1/blog/app/models/article.rb:6: syntax error, unexpected string literal, expecting `do' or '{' or '('
        puts "title #{self.title}"
             ^
):
  
app/models/article.rb:6: syntax error, unexpected string literal, expecting `do' or '{' or '('
app/models/article.rb:6: syntax error, unexpected string literal, expecting `do' or '{' or '('
app/models/article.rb:6: syntax error, unexpected string literal, expecting `do' or '{' or '('
app/controllers/articles_controller.rb:3:in `index'
Started GET "/articles" for 127.0.0.1 at 2023-07-18 15:41:16 +0500
Processing by ArticlesController#index as HTML
  Rendering layout layouts/application.html.erb
  Rendering articles/index.html.erb within layouts/application
  [1m[36mArticle Load (0.1ms)[0m  [1m[34mSELECT "articles".* FROM "articles"[0m
  ↳ app/views/articles/index.html.erb:4
  Rendered articles/index.html.erb within layouts/application (Duration: 5.1ms | Allocations: 1935)
  Rendered layout layouts/application.html.erb (Duration: 28.9ms | Allocations: 15125)
Completed 200 OK in 33ms (Views: 30.1ms | ActiveRecord: 0.5ms | Allocations: 16304)


  [1m[36mTRANSACTION (0.1ms)[0m  [1m[36mbegin transaction[0m
  [1m[36mArticle Create (0.8ms)[0m  [1m[32mINSERT INTO "articles" ("title", "body", "created_at", "updated_at") VALUES (?, ?, ?, ?)[0m  [["title", "NewBlog"], ["body", "Body of Blog"], ["created_at", "2023-07-18 10:43:43.600057"], ["updated_at", "2023-07-18 10:43:43.600057"]]
  [1m[36mTRANSACTION (18.6ms)[0m  [1m[36mcommit transaction[0m
Started GET "/" for 127.0.0.1 at 2023-07-18 19:46:40 +0500
  [1m[36mActiveRecord::SchemaMigration Pluck (0.3ms)[0m  [1m[34mSELECT "schema_migrations"."version" FROM "schema_migrations" ORDER BY "schema_migrations"."version" ASC[0m
Processing by Rails::WelcomeController#index as HTML
  Rendering /home/shahrukh/.asdf/installs/ruby/3.2.2/lib/ruby/gems/3.2.0/gems/railties-7.0.6/lib/rails/templates/rails/welcome/index.html.erb
  Rendered /home/shahrukh/.asdf/installs/ruby/3.2.2/lib/ruby/gems/3.2.0/gems/railties-7.0.6/lib/rails/templates/rails/welcome/index.html.erb (Duration: 2.7ms | Allocations: 489)
Completed 200 OK in 31ms (Views: 10.8ms | ActiveRecord: 0.0ms | Allocations: 4304)


  [1m[36mActiveRecord::SchemaMigration Pluck (0.2ms)[0m  [1m[34mSELECT "schema_migrations"."version" FROM "schema_migrations" ORDER BY "schema_migrations"."version" ASC[0m
Migrating to CreateUsers (20230718144703)
  [1m[36mTRANSACTION (0.1ms)[0m  [1m[36mbegin transaction[0m
  [1m[35m (0.4ms)[0m  [1m[35mCREATE TABLE "users" ("id" integer PRIMARY KEY AUTOINCREMENT NOT NULL, "name" varchar, "age" integer, "created_at" datetime(6) NOT NULL, "updated_at" datetime(6) NOT NULL)[0m
  [1m[36mActiveRecord::SchemaMigration Create (0.3ms)[0m  [1m[32mINSERT INTO "schema_migrations" ("version") VALUES (?)[0m  [["version", "20230718144703"]]
  [1m[36mTRANSACTION (25.3ms)[0m  [1m[36mcommit transaction[0m
  [1m[36mActiveRecord::InternalMetadata Load (0.3ms)[0m  [1m[34mSELECT "ar_internal_metadata".* FROM "ar_internal_metadata" WHERE "ar_internal_metadata"."key" = ? LIMIT ?[0m  [["key", "environment"], ["LIMIT", 1]]
  [1m[36mActiveRecord::SchemaMigration Pluck (0.1ms)[0m  [1m[34mSELECT "schema_migrations"."version" FROM "schema_migrations" ORDER BY "schema_migrations"."version" ASC[0m
  [1m[36mTRANSACTION (0.1ms)[0m  [1m[36mbegin transaction[0m
  [1m[36mUser Create (0.4ms)[0m  [1m[32mINSERT INTO "users" ("name", "age", "created_at", "updated_at") VALUES (?, ?, ?, ?)[0m  [["name", "John Doe"], ["age", 25], ["created_at", "2023-07-18 14:51:27.007302"], ["updated_at", "2023-07-18 14:51:27.007302"]]
  [1m[36mTRANSACTION (31.2ms)[0m  [1m[36mcommit transaction[0m
Started GET "/" for 127.0.0.1 at 2023-07-18 19:51:49 +0500
  [1m[36mActiveRecord::SchemaMigration Pluck (0.3ms)[0m  [1m[34mSELECT "schema_migrations"."version" FROM "schema_migrations" ORDER BY "schema_migrations"."version" ASC[0m
Processing by Rails::WelcomeController#index as HTML
  Rendering /home/shahrukh/.asdf/installs/ruby/3.2.2/lib/ruby/gems/3.2.0/gems/railties-7.0.6/lib/rails/templates/rails/welcome/index.html.erb
  Rendered /home/shahrukh/.asdf/installs/ruby/3.2.2/lib/ruby/gems/3.2.0/gems/railties-7.0.6/lib/rails/templates/rails/welcome/index.html.erb (Duration: 2.5ms | Allocations: 489)
Completed 200 OK in 21ms (Views: 6.7ms | ActiveRecord: 0.0ms | Allocations: 4240)


  [1m[36mTRANSACTION (0.2ms)[0m  [1m[36mbegin transaction[0m
  [1m[36mUser Create (0.8ms)[0m  [1m[32mINSERT INTO "users" ("name", "age", "created_at", "updated_at") VALUES (?, ?, ?, ?)[0m  [["name", "John Doe"], ["age", 25], ["created_at", "2023-07-18 14:52:44.760528"], ["updated_at", "2023-07-18 14:52:44.760528"]]
  [1m[36mTRANSACTION (16.3ms)[0m  [1m[36mcommit transaction[0m
  [1m[36mTRANSACTION (0.1ms)[0m  [1m[36mbegin transaction[0m
  [1m[36mUser Create (0.4ms)[0m  [1m[32mINSERT INTO "users" ("name", "age", "created_at", "updated_at") VALUES (?, ?, ?, ?)[0m  [["name", "John Doe"], ["age", 25], ["created_at", "2023-07-18 14:53:48.786108"], ["updated_at", "2023-07-18 14:53:48.786108"]]
  [1m[36mTRANSACTION (15.3ms)[0m  [1m[36mcommit transaction[0m
  [1m[36mUser Load (0.3ms)[0m  [1m[34mSELECT "users".* FROM "users"[0m
Started GET "/" for 127.0.0.1 at 2023-07-18 20:46:09 +0500
  [1m[36mActiveRecord::SchemaMigration Pluck (0.4ms)[0m  [1m[34mSELECT "schema_migrations"."version" FROM "schema_migrations" ORDER BY "schema_migrations"."version" ASC[0m
Processing by Rails::WelcomeController#index as HTML
  Rendering /home/shahrukh/.asdf/installs/ruby/3.2.2/lib/ruby/gems/3.2.0/gems/railties-7.0.6/lib/rails/templates/rails/welcome/index.html.erb
  Rendered /home/shahrukh/.asdf/installs/ruby/3.2.2/lib/ruby/gems/3.2.0/gems/railties-7.0.6/lib/rails/templates/rails/welcome/index.html.erb (Duration: 3.4ms | Allocations: 489)
Completed 200 OK in 27ms (Views: 8.6ms | ActiveRecord: 0.0ms | Allocations: 4240)


  [1m[36mTRANSACTION (0.1ms)[0m  [1m[36mbegin transaction[0m
  [1m[36mUser Create (0.9ms)[0m  [1m[32mINSERT INTO "users" ("name", "age", "created_at", "updated_at") VALUES (?, ?, ?, ?)[0m  [["name", "John Doe"], ["age", 25], ["created_at", "2023-07-18 15:47:13.573258"], ["updated_at", "2023-07-18 15:47:13.573258"]]
  [1m[36mTRANSACTION (8.1ms)[0m  [1m[36mcommit transaction[0m
  [1m[36mTRANSACTION (0.1ms)[0m  [1m[36mbegin transaction[0m
  [1m[36mUser Create (0.8ms)[0m  [1m[32mINSERT INTO "users" ("name", "age", "created_at", "updated_at") VALUES (?, ?, ?, ?)[0m  [["name", "Awais"], ["age", 5], ["created_at", "2023-07-19 09:07:29.076878"], ["updated_at", "2023-07-19 09:07:29.076878"]]
  [1m[36mTRANSACTION (39.1ms)[0m  [1m[36mcommit transaction[0m
  [1m[36mTRANSACTION (0.1ms)[0m  [1m[36mbegin transaction[0m
  [1m[36mUser Create (0.5ms)[0m  [1m[32mINSERT INTO "users" ("name", "age", "created_at", "updated_at") VALUES (?, ?, ?, ?)[0m  [["name", "Awais"], ["age", 5], ["created_at", "2023-07-19 09:08:25.328170"], ["updated_at", "2023-07-19 09:08:25.328170"]]
  [1m[36mTRANSACTION (15.8ms)[0m  [1m[36mcommit transaction[0m
  [1m[36mUser Load (0.2ms)[0m  [1m[34mSELECT "users".* FROM "users"[0m
  [1m[36mTRANSACTION (0.2ms)[0m  [1m[36mbegin transaction[0m
  [1m[36mUser Create (1.4ms)[0m  [1m[32mINSERT INTO "users" ("name", "age", "created_at", "updated_at") VALUES (?, ?, ?, ?)[0m  [["name", "Hassan"], ["age", 10], ["created_at", "2023-07-19 09:11:17.919837"], ["updated_at", "2023-07-19 09:11:17.919837"]]
  [1m[36mTRANSACTION (9.8ms)[0m  [1m[36mcommit transaction[0m
  [1m[36mUser Load (0.2ms)[0m  [1m[34mSELECT "users".* FROM "users"[0m
  [1m[36mTRANSACTION (0.1ms)[0m  [1m[36mbegin transaction[0m
  [1m[36mUser Create (1.7ms)[0m  [1m[32mINSERT INTO "users" ("name", "age", "created_at", "updated_at") VALUES (?, ?, ?, ?)[0m  [["name", "Hassan"], ["age", 10], ["created_at", "2023-07-19 09:14:49.168317"], ["updated_at", "2023-07-19 09:14:49.168317"]]
  [1m[36mTRANSACTION (45.2ms)[0m  [1m[36mcommit transaction[0m
  [1m[36mTRANSACTION (0.1ms)[0m  [1m[36mbegin transaction[0m
  [1m[36mUser Create (0.5ms)[0m  [1m[32mINSERT INTO "users" ("name", "age", "created_at", "updated_at") VALUES (?, ?, ?, ?)[0m  [["name", "Hassan"], ["age", 10], ["created_at", "2023-07-19 09:16:13.442466"], ["updated_at", "2023-07-19 09:16:13.442466"]]
  [1m[36mTRANSACTION (22.9ms)[0m  [1m[36mcommit transaction[0m
  [1m[36mTRANSACTION (0.3ms)[0m  [1m[36mbegin transaction[0m
  [1m[36mUser Create (1.6ms)[0m  [1m[32mINSERT INTO "users" ("name", "age", "created_at", "updated_at") VALUES (?, ?, ?, ?)[0m  [["name", "Hassan"], ["age", 10], ["created_at", "2023-07-19 10:35:31.672798"], ["updated_at", "2023-07-19 10:35:31.672798"]]
  [1m[36mTRANSACTION (22.3ms)[0m  [1m[36mcommit transaction[0m
